PrivateLLG/build/outputs/logs/manifest-merger-release-report.txt
-- Merging decision tree log ---
manifest
ADDED from FGQQ_Gradle_Project\PrivateLLG\AndroidManifest.xml:2:1-899:12
	xmlns:android
		ADDED from FGQQ_Gradle_Project\PrivateLLG\AndroidManifest.xml:2:11-69
	package
		ADDED from FGQQ_Gradle_Project\PrivateLLG\AndroidManifest.xml:3:5-41
	android:versionName
		ADDED from FGQQ_Gradle_Project\PrivateLLG\AndroidManifest.xml:5:5-33
		INJECTED from FGQQ_Gradle_Project\PrivateLLG\AndroidManifest.xml
		INJECTED from FGQQ_Gradle_Project\PrivateLLG\AndroidManifest.xml
	android:versionCode
		ADDED from FGQQ_Gradle_Project\PrivateLLG\AndroidManifest.xml:4:5-28
		INJECTED from FGQQ_Gradle_Project\PrivateLLG\AndroidManifest.xml
		INJECTED from FGQQ_Gradle_Project\PrivateLLG\AndroidManifest.xml
uses-permission#android.permission.MODIFY_PHONE_STATE
ADDED from FGQQ_Gradle_Project\PrivateLLG\AndroidManifest.xml:9:5-77
	android:name
		ADDED from FGQQ_Gradle_Project\PrivateLLG\AndroidManifest.xml:9:22-74
uses-permission#android.permission.READ_CONTACTS
ADDED from FGQQ_Gradle_Project\PrivateLLG\AndroidManifest.xml:11:5-72
	android:name
		ADDED from FGQQ_Gradle_Project\PrivateLLG\AndroidManifest.xml:11:22-69
uses-permission#android.permission.WRITE_CONTACTS
ADDED from FGQQ_Gradle_Project\PrivateLLG\AndroidManifest.xml:13:5-73
	android:name
		ADDED from FGQQ_Gradle_Project\PrivateLLG\AndroidManifest.xml:13:22-70
uses-permission#android.permission.CALL_PHONE
ADDED from FGQQ_Gradle_Project\PrivateLLG\AndroidManifest.xml:15:5-69
	android:name
		ADDED from FGQQ_Gradle_Project\PrivateLLG\AndroidManifest.xml:15:22-66
uses-permission#android.permission.READ_SMS
ADDED from FGQQ_Gradle_Project\PrivateLLG\AndroidManifest.xml:17:5-67
	android:name
		ADDED from FGQQ_Gradle_Project\PrivateLLG\AndroidManifest.xml:17:22-64
uses-permission#android.permission.MOUNT_UNMOUNT_FILESYSTEMS
ADDED from FGQQ_Gradle_Project\PrivateLLG\AndroidManifest.xml:18:5-84
	android:name
		ADDED from FGQQ_Gradle_Project\PrivateLLG\AndroidManifest.xml:18:22-81
uses-permission#android.permission.INTERNET
ADDED from FGQQ_Gradle_Project\PrivateLLG\AndroidManifest.xml:20:5-67
MERGED from [FGQQ_Gradle_Project:SmartAndroid:unspecified] AndroidManifest.xml:11:5-67
	android:name
		ADDED from FGQQ_Gradle_Project\PrivateLLG\AndroidManifest.xml:20:22-64
uses-permission#android.permission.ACCESS_WIFI_STATE
ADDED from FGQQ_Gradle_Project\PrivateLLG\AndroidManifest.xml:21:5-76
MERGED from [FGQQ_Gradle_Project:SmartAndroid:unspecified] AndroidManifest.xml:13:5-76
	android:name
		ADDED from FGQQ_Gradle_Project\PrivateLLG\AndroidManifest.xml:21:22-73
uses-permission#android.permission.CHANGE_WIFI_STATE
ADDED from FGQQ_Gradle_Project\PrivateLLG\AndroidManifest.xml:22:5-76
	android:name
		ADDED from FGQQ_Gradle_Project\PrivateLLG\AndroidManifest.xml:22:22-73
uses-permission#android.permission.READ_PHONE_STATE
ADDED from FGQQ_Gradle_Project\PrivateLLG\AndroidManifest.xml:23:5-75
MERGED from [FGQQ_Gradle_Project:SmartAndroid:unspecified] AndroidManifest.xml:14:5-75
	android:name
		ADDED from FGQQ_Gradle_Project\PrivateLLG\AndroidManifest.xml:23:22-72
uses-permission#android.permission.MANAGE_ACCOUNTS
ADDED from FGQQ_Gradle_Project\PrivateLLG\AndroidManifest.xml:24:5-74
	android:name
		ADDED from FGQQ_Gradle_Project\PrivateLLG\AndroidManifest.xml:24:22-71
uses-permission#android.permission.GET_ACCOUNTS
ADDED from FGQQ_Gradle_Project\PrivateLLG\AndroidManifest.xml:25:5-71
	android:name
		ADDED from FGQQ_Gradle_Project\PrivateLLG\AndroidManifest.xml:25:22-68
uses-permission#android.permission.READ_CALL_LOG
ADDED from FGQQ_Gradle_Project\PrivateLLG\AndroidManifest.xml:26:5-72
	android:name
		ADDED from FGQQ_Gradle_Project\PrivateLLG\AndroidManifest.xml:26:22-69
uses-permission#android.permission.WRITE_CALL_LOG
ADDED from FGQQ_Gradle_Project\PrivateLLG\AndroidManifest.xml:27:5-73
	android:name
		ADDED from FGQQ_Gradle_Project\PrivateLLG\AndroidManifest.xml:27:22-70
uses-permission#android.permission.CAMERA
ADDED from FGQQ_Gradle_Project\PrivateLLG\AndroidManifest.xml:30:5-31:23
	android:name
		ADDED from FGQQ_Gradle_Project\PrivateLLG\AndroidManifest.xml:30:22-62
uses-permission#android.permission.WRITE_EXTERNAL_STORAGE
ADDED from FGQQ_Gradle_Project\PrivateLLG\AndroidManifest.xml:32:5-33:23
	android:name
		ADDED from FGQQ_Gradle_Project\PrivateLLG\AndroidManifest.xml:32:22-78
uses-feature#android.hardware.camera
ADDED from FGQQ_Gradle_Project\PrivateLLG\AndroidManifest.xml:35:5-60
	android:name
		ADDED from FGQQ_Gradle_Project\PrivateLLG\AndroidManifest.xml:35:19-57
uses-feature#android.hardware.camera.autofocus
ADDED from FGQQ_Gradle_Project\PrivateLLG\AndroidManifest.xml:36:5-70
	android:name
		ADDED from FGQQ_Gradle_Project\PrivateLLG\AndroidManifest.xml:36:19-67
uses-permission#android.permission.VIBRATE
ADDED from FGQQ_Gradle_Project\PrivateLLG\AndroidManifest.xml:38:5-66
	android:name
		ADDED from FGQQ_Gradle_Project\PrivateLLG\AndroidManifest.xml:38:22-63
uses-permission#android.permission.FLASHLIGHT
ADDED from FGQQ_Gradle_Project\PrivateLLG\AndroidManifest.xml:39:5-69
	android:name
		ADDED from FGQQ_Gradle_Project\PrivateLLG\AndroidManifest.xml:39:22-66
uses-permission#android.permission.PROCESS_OUTGOING_CALLS
ADDED from FGQQ_Gradle_Project\PrivateLLG\AndroidManifest.xml:41:5-81
	android:name
		ADDED from FGQQ_Gradle_Project\PrivateLLG\AndroidManifest.xml:41:22-78
uses-permission#android.permission.RECEIVE_BOOT_COMPLETED
ADDED from FGQQ_Gradle_Project\PrivateLLG\AndroidManifest.xml:53:5-81
	android:name
		ADDED from FGQQ_Gradle_Project\PrivateLLG\AndroidManifest.xml:53:22-78
uses-permission#android.permission.RESTART_PACKAGES
ADDED from FGQQ_Gradle_Project\PrivateLLG\AndroidManifest.xml:54:5-75
	android:name
		ADDED from FGQQ_Gradle_Project\PrivateLLG\AndroidManifest.xml:54:22-72
uses-permission#android.permission.BROADCAST_STICKY
ADDED from FGQQ_Gradle_Project\PrivateLLG\AndroidManifest.xml:55:5-75
	android:name
		ADDED from FGQQ_Gradle_Project\PrivateLLG\AndroidManifest.xml:55:22-72
uses-permission#android.permission.WRITE_SETTINGS
ADDED from FGQQ_Gradle_Project\PrivateLLG\AndroidManifest.xml:56:5-73
	android:name
		ADDED from FGQQ_Gradle_Project\PrivateLLG\AndroidManifest.xml:56:22-70
uses-permission#android.permission.RECEIVE_USER_PRESENT
ADDED from FGQQ_Gradle_Project\PrivateLLG\AndroidManifest.xml:57:5-79
	android:name
		ADDED from FGQQ_Gradle_Project\PrivateLLG\AndroidManifest.xml:57:22-76
uses-permission#android.permission.WAKE_LOCK
ADDED from FGQQ_Gradle_Project\PrivateLLG\AndroidManifest.xml:58:5-68
	android:name
		ADDED from FGQQ_Gradle_Project\PrivateLLG\AndroidManifest.xml:58:22-65
uses-permission#android.permission.KILL_BACKGROUND_PROCESSES
ADDED from FGQQ_Gradle_Project\PrivateLLG\AndroidManifest.xml:59:5-84
	android:name
		ADDED from FGQQ_Gradle_Project\PrivateLLG\AndroidManifest.xml:59:22-81
uses-permission#android.permission.GET_TASKS
ADDED from FGQQ_Gradle_Project\PrivateLLG\AndroidManifest.xml:60:5-68
	android:name
		ADDED from FGQQ_Gradle_Project\PrivateLLG\AndroidManifest.xml:60:22-65
uses-permission#android.permission.READ_LOGS
ADDED from FGQQ_Gradle_Project\PrivateLLG\AndroidManifest.xml:61:5-68
	android:name
		ADDED from FGQQ_Gradle_Project\PrivateLLG\AndroidManifest.xml:61:22-65
uses-permission#android.permission.BLUETOOTH
ADDED from FGQQ_Gradle_Project\PrivateLLG\AndroidManifest.xml:63:5-68
	android:name
		ADDED from FGQQ_Gradle_Project\PrivateLLG\AndroidManifest.xml:63:22-65
uses-permission#android.permission.BATTERY_STATS
ADDED from FGQQ_Gradle_Project\PrivateLLG\AndroidManifest.xml:64:5-72
	android:name
		ADDED from FGQQ_Gradle_Project\PrivateLLG\AndroidManifest.xml:64:22-69
uses-permission#android.permission.ACCESS_COARSE_LOCATION
ADDED from FGQQ_Gradle_Project\PrivateLLG\AndroidManifest.xml:66:5-67:23
	android:name
		ADDED from FGQQ_Gradle_Project\PrivateLLG\AndroidManifest.xml:66:22-78
uses-permission#android.permission.ACCESS_FINE_LOCATION
ADDED from FGQQ_Gradle_Project\PrivateLLG\AndroidManifest.xml:69:5-70:23
MERGED from [FGQQ_Gradle_Project:SmartAndroid:unspecified] AndroidManifest.xml:15:5-79
	android:name
		ADDED from FGQQ_Gradle_Project\PrivateLLG\AndroidManifest.xml:69:22-76
uses-permission#android.permission.ACCESS_NETWORK_STATE
ADDED from FGQQ_Gradle_Project\PrivateLLG\AndroidManifest.xml:75:5-76:23
MERGED from [FGQQ_Gradle_Project:SmartAndroid:unspecified] AndroidManifest.xml:12:5-79
	android:name
		ADDED from FGQQ_Gradle_Project\PrivateLLG\AndroidManifest.xml:75:22-76
uses-sdk
ADDED from FGQQ_Gradle_Project\PrivateLLG\AndroidManifest.xml:94:5-96:41
MERGED from [FGQQ_Gradle_Project:SmartAndroid:unspecified] AndroidManifest.xml:7:5-9:41
MERGED from [FGQQ_Gradle_Project:base_library_pullToRefresh_chenyoca:unspecified] AndroidManifest.xml:7:5-43
	android:targetSdkVersion
		ADDED from FGQQ_Gradle_Project\PrivateLLG\AndroidManifest.xml:96:9-38
	android:minSdkVersion
		ADDED from FGQQ_Gradle_Project\PrivateLLG\AndroidManifest.xml:95:9-35
application
ADDED from FGQQ_Gradle_Project\PrivateLLG\AndroidManifest.xml:98:5-897:19
MERGED from [FGQQ_Gradle_Project:base_library_pullToRefresh_chenyoca:unspecified] AndroidManifest.xml:9:5-20
	android:label
		ADDED from FGQQ_Gradle_Project\PrivateLLG\AndroidManifest.xml:102:9-41
	android:allowBackup
		ADDED from FGQQ_Gradle_Project\PrivateLLG\AndroidManifest.xml:100:9-35
	android:icon
		ADDED from FGQQ_Gradle_Project\PrivateLLG\AndroidManifest.xml:101:9-43
	android:theme
		ADDED from FGQQ_Gradle_Project\PrivateLLG\AndroidManifest.xml:103:9-40
	android:name
		ADDED from FGQQ_Gradle_Project\PrivateLLG\AndroidManifest.xml:99:9-57
activity#com.llg.privateproject.actvity.WelcomeActivity
ADDED from FGQQ_Gradle_Project\PrivateLLG\AndroidManifest.xml:111:9-131:20
	android:screenOrientation
		ADDED from FGQQ_Gradle_Project\PrivateLLG\AndroidManifest.xml:116:13-49
	android:label
		ADDED from FGQQ_Gradle_Project\PrivateLLG\AndroidManifest.xml:114:13-45
	android:configChanges
		ADDED from FGQQ_Gradle_Project\PrivateLLG\AndroidManifest.xml:113:13-74
	android:theme
		ADDED from FGQQ_Gradle_Project\PrivateLLG\AndroidManifest.xml:117:13-66
	android:name
		ADDED from FGQQ_Gradle_Project\PrivateLLG\AndroidManifest.xml:112:13-74
	android:launchMode
		ADDED from FGQQ_Gradle_Project\PrivateLLG\AndroidManifest.xml:115:13-43
intent-filter#android.intent.action.MAIN+android.intent.category.LAUNCHER
ADDED from FGQQ_Gradle_Project\PrivateLLG\AndroidManifest.xml:118:13-122:29
action#android.intent.action.MAIN
ADDED from FGQQ_Gradle_Project\PrivateLLG\AndroidManifest.xml:119:17-69
	android:name
		ADDED from FGQQ_Gradle_Project\PrivateLLG\AndroidManifest.xml:119:25-66
category#android.intent.category.LAUNCHER
ADDED from FGQQ_Gradle_Project\PrivateLLG\AndroidManifest.xml:121:17-77
	android:name
		ADDED from FGQQ_Gradle_Project\PrivateLLG\AndroidManifest.xml:121:27-74
intent-filter#android.intent.action.VIEW+android.intent.category.BROWSABLE+android.intent.category.DEFAULT
ADDED from FGQQ_Gradle_Project\PrivateLLG\AndroidManifest.xml:123:13-130:29
action#android.intent.action.VIEW
ADDED from FGQQ_Gradle_Project\PrivateLLG\AndroidManifest.xml:124:17-69
	android:name
		ADDED from FGQQ_Gradle_Project\PrivateLLG\AndroidManifest.xml:124:25-66
category#android.intent.category.DEFAULT
ADDED from FGQQ_Gradle_Project\PrivateLLG\AndroidManifest.xml:126:17-76
	android:name
		ADDED from FGQQ_Gradle_Project\PrivateLLG\AndroidManifest.xml:126:27-73
category#android.intent.category.BROWSABLE
ADDED from FGQQ_Gradle_Project\PrivateLLG\AndroidManifest.xml:127:17-78
	android:name
		ADDED from FGQQ_Gradle_Project\PrivateLLG\AndroidManifest.xml:127:27-75
data
ADDED from FGQQ_Gradle_Project\PrivateLLG\AndroidManifest.xml:129:17-48
	android:scheme
		ADDED from FGQQ_Gradle_Project\PrivateLLG\AndroidManifest.xml:129:23-45
activity#com.king.photo.activity.ImageGridActivity
ADDED from FGQQ_Gradle_Project\PrivateLLG\AndroidManifest.xml:132:9-135:20
	android:screenOrientation
		ADDED from FGQQ_Gradle_Project\PrivateLLG\AndroidManifest.xml:134:13-49
	android:name
		ADDED from FGQQ_Gradle_Project\PrivateLLG\AndroidManifest.xml:133:13-69
activity#com.king.photo.activity.TestPicActivity
ADDED from FGQQ_Gradle_Project\PrivateLLG\AndroidManifest.xml:136:9-139:52
	android:screenOrientation
		ADDED from FGQQ_Gradle_Project\PrivateLLG\AndroidManifest.xml:139:13-49
	android:configChanges
		ADDED from FGQQ_Gradle_Project\PrivateLLG\AndroidManifest.xml:138:13-63
	android:name
		ADDED from FGQQ_Gradle_Project\PrivateLLG\AndroidManifest.xml:137:13-67
activity#com.king.photo.activity.PhotoActivity
ADDED from FGQQ_Gradle_Project\PrivateLLG\AndroidManifest.xml:140:9-142:52
	android:screenOrientation
		ADDED from FGQQ_Gradle_Project\PrivateLLG\AndroidManifest.xml:142:13-49
	android:name
		ADDED from FGQQ_Gradle_Project\PrivateLLG\AndroidManifest.xml:141:13-65
activity#com.king.photo.activity.AlbumActivity
ADDED from FGQQ_Gradle_Project\PrivateLLG\AndroidManifest.xml:143:9-146:20
	android:screenOrientation
		ADDED from FGQQ_Gradle_Project\PrivateLLG\AndroidManifest.xml:145:13-49
	android:name
		ADDED from FGQQ_Gradle_Project\PrivateLLG\AndroidManifest.xml:144:13-65
activity#com.king.photo.activity.ImageFile
ADDED from FGQQ_Gradle_Project\PrivateLLG\AndroidManifest.xml:147:9-148:20
	android:name
		ADDED from FGQQ_Gradle_Project\PrivateLLG\AndroidManifest.xml:147:19-67
activity#com.king.photo.activity.ShowAllPhoto
ADDED from FGQQ_Gradle_Project\PrivateLLG\AndroidManifest.xml:149:9-150:20
	android:name
		ADDED from FGQQ_Gradle_Project\PrivateLLG\AndroidManifest.xml:149:19-70
activity#com.king.photo.activity.GalleryActivity
ADDED from FGQQ_Gradle_Project\PrivateLLG\AndroidManifest.xml:151:9-152:20
	android:name
		ADDED from FGQQ_Gradle_Project\PrivateLLG\AndroidManifest.xml:151:19-73
activity#com.llg.privateproject.actvity.MyFabuActivity
ADDED from FGQQ_Gradle_Project\PrivateLLG\AndroidManifest.xml:153:9-159:20
	android:screenOrientation
		ADDED from FGQQ_Gradle_Project\PrivateLLG\AndroidManifest.xml:157:13-49
	android:configChanges
		ADDED from FGQQ_Gradle_Project\PrivateLLG\AndroidManifest.xml:155:13-74
	android:theme
		ADDED from FGQQ_Gradle_Project\PrivateLLG\AndroidManifest.xml:158:13-66
	android:hardwareAccelerated
		ADDED from FGQQ_Gradle_Project\PrivateLLG\AndroidManifest.xml:156:13-48
	android:name
		ADDED from FGQQ_Gradle_Project\PrivateLLG\AndroidManifest.xml:154:13-73
activity#com.llg.privateproject.actvity.BuyTopActivity
ADDED from FGQQ_Gradle_Project\PrivateLLG\AndroidManifest.xml:160:9-166:20
	android:screenOrientation
		ADDED from FGQQ_Gradle_Project\PrivateLLG\AndroidManifest.xml:164:13-49
	android:configChanges
		ADDED from FGQQ_Gradle_Project\PrivateLLG\AndroidManifest.xml:162:13-74
	android:theme
		ADDED from FGQQ_Gradle_Project\PrivateLLG\AndroidManifest.xml:165:13-66
	android:hardwareAccelerated
		ADDED from FGQQ_Gradle_Project\PrivateLLG\AndroidManifest.xml:163:13-48
	android:name
		ADDED from FGQQ_Gradle_Project\PrivateLLG\AndroidManifest.xml:161:13-73
activity#com.llg.privateproject.actvity.FinancialOrderAty
ADDED from FGQQ_Gradle_Project\PrivateLLG\AndroidManifest.xml:167:9-173:20
	android:screenOrientation
		ADDED from FGQQ_Gradle_Project\PrivateLLG\AndroidManifest.xml:171:13-49
	android:configChanges
		ADDED from FGQQ_Gradle_Project\PrivateLLG\AndroidManifest.xml:169:13-74
	android:theme
		ADDED from FGQQ_Gradle_Project\PrivateLLG\AndroidManifest.xml:172:13-66
	android:hardwareAccelerated
		ADDED from FGQQ_Gradle_Project\PrivateLLG\AndroidManifest.xml:170:13-48
	android:name
		ADDED from FGQQ_Gradle_Project\PrivateLLG\AndroidManifest.xml:168:13-76
activity#com.llg.privateproject.actvity.FinanceOderDetail
ADDED from FGQQ_Gradle_Project\PrivateLLG\AndroidManifest.xml:174:9-180:20
	android:screenOrientation
		ADDED from FGQQ_Gradle_Project\PrivateLLG\AndroidManifest.xml:178:13-49
	android:configChanges
		ADDED from FGQQ_Gradle_Project\PrivateLLG\AndroidManifest.xml:176:13-74
	android:theme
		ADDED from FGQQ_Gradle_Project\PrivateLLG\AndroidManifest.xml:179:13-66
	android:hardwareAccelerated
		ADDED from FGQQ_Gradle_Project\PrivateLLG\AndroidManifest.xml:177:13-48
	android:name
		ADDED from FGQQ_Gradle_Project\PrivateLLG\AndroidManifest.xml:175:13-76
activity#com.llg.privateproject.actvity.Balance
ADDED from FGQQ_Gradle_Project\PrivateLLG\AndroidManifest.xml:182:9-188:20
	android:screenOrientation
		ADDED from FGQQ_Gradle_Project\PrivateLLG\AndroidManifest.xml:186:13-49
	android:configChanges
		ADDED from FGQQ_Gradle_Project\PrivateLLG\AndroidManifest.xml:184:13-74
	android:theme
		ADDED from FGQQ_Gradle_Project\PrivateLLG\AndroidManifest.xml:187:13-66
	android:hardwareAccelerated
		ADDED from FGQQ_Gradle_Project\PrivateLLG\AndroidManifest.xml:185:13-48
	android:name
		ADDED from FGQQ_Gradle_Project\PrivateLLG\AndroidManifest.xml:183:13-66
activity#com.llg.privateproject.actvity.WoDeHuiYuanActivity
ADDED from FGQQ_Gradle_Project\PrivateLLG\AndroidManifest.xml:190:9-196:20
	android:screenOrientation
		ADDED from FGQQ_Gradle_Project\PrivateLLG\AndroidManifest.xml:194:13-49
	android:configChanges
		ADDED from FGQQ_Gradle_Project\PrivateLLG\AndroidManifest.xml:192:13-74
	android:theme
		ADDED from FGQQ_Gradle_Project\PrivateLLG\AndroidManifest.xml:195:13-66
	android:hardwareAccelerated
		ADDED from FGQQ_Gradle_Project\PrivateLLG\AndroidManifest.xml:193:13-48
	android:name
		ADDED from FGQQ_Gradle_Project\PrivateLLG\AndroidManifest.xml:191:13-78
activity#com.llg.privateproject.actvity.Notify
ADDED from FGQQ_Gradle_Project\PrivateLLG\AndroidManifest.xml:198:9-204:20
	android:screenOrientation
		ADDED from FGQQ_Gradle_Project\PrivateLLG\AndroidManifest.xml:202:13-49
	android:configChanges
		ADDED from FGQQ_Gradle_Project\PrivateLLG\AndroidManifest.xml:200:13-74
	android:theme
		ADDED from FGQQ_Gradle_Project\PrivateLLG\AndroidManifest.xml:203:13-66
	android:hardwareAccelerated
		ADDED from FGQQ_Gradle_Project\PrivateLLG\AndroidManifest.xml:201:13-48
	android:name
		ADDED from FGQQ_Gradle_Project\PrivateLLG\AndroidManifest.xml:199:13-65
activity#com.llg.privateproject.actvity.ModifyActivity
ADDED from FGQQ_Gradle_Project\PrivateLLG\AndroidManifest.xml:205:9-211:20
	android:screenOrientation
		ADDED from FGQQ_Gradle_Project\PrivateLLG\AndroidManifest.xml:209:13-49
	android:configChanges
		ADDED from FGQQ_Gradle_Project\PrivateLLG\AndroidManifest.xml:207:13-74
	android:theme
		ADDED from FGQQ_Gradle_Project\PrivateLLG\AndroidManifest.xml:210:13-66
	android:hardwareAccelerated
		ADDED from FGQQ_Gradle_Project\PrivateLLG\AndroidManifest.xml:208:13-48
	android:name
		ADDED from FGQQ_Gradle_Project\PrivateLLG\AndroidManifest.xml:206:13-73
activity#com.llg.privateproject.actvity.SearchActivity
ADDED from FGQQ_Gradle_Project\PrivateLLG\AndroidManifest.xml:213:9-219:20
	android:screenOrientation
		ADDED from FGQQ_Gradle_Project\PrivateLLG\AndroidManifest.xml:217:13-49
	android:configChanges
		ADDED from FGQQ_Gradle_Project\PrivateLLG\AndroidManifest.xml:215:13-74
	android:theme
		ADDED from FGQQ_Gradle_Project\PrivateLLG\AndroidManifest.xml:218:13-66
	android:name
		ADDED from FGQQ_Gradle_Project\PrivateLLG\AndroidManifest.xml:214:13-73
	android:launchMode
		ADDED from FGQQ_Gradle_Project\PrivateLLG\AndroidManifest.xml:216:13-44
activity#com.llg.privateproject.actvity.ActivityHome
ADDED from FGQQ_Gradle_Project\PrivateLLG\AndroidManifest.xml:221:9-226:20
	android:screenOrientation
		ADDED from FGQQ_Gradle_Project\PrivateLLG\AndroidManifest.xml:224:13-49
	android:configChanges
		ADDED from FGQQ_Gradle_Project\PrivateLLG\AndroidManifest.xml:223:13-74
	android:theme
		ADDED from FGQQ_Gradle_Project\PrivateLLG\AndroidManifest.xml:225:13-66
	android:name
		ADDED from FGQQ_Gradle_Project\PrivateLLG\AndroidManifest.xml:222:13-71
activity#com.llg.privateproject.actvity.ShopMap
ADDED from FGQQ_Gradle_Project\PrivateLLG\AndroidManifest.xml:228:9-233:20
	android:screenOrientation
		ADDED from FGQQ_Gradle_Project\PrivateLLG\AndroidManifest.xml:231:13-49
	android:configChanges
		ADDED from FGQQ_Gradle_Project\PrivateLLG\AndroidManifest.xml:230:13-74
	android:theme
		ADDED from FGQQ_Gradle_Project\PrivateLLG\AndroidManifest.xml:232:13-66
	android:name
		ADDED from FGQQ_Gradle_Project\PrivateLLG\AndroidManifest.xml:229:13-66
activity#com.llg.privateproject.actvity.NewHomeActivity
ADDED from FGQQ_Gradle_Project\PrivateLLG\AndroidManifest.xml:235:9-249:20
	android:screenOrientation
		ADDED from FGQQ_Gradle_Project\PrivateLLG\AndroidManifest.xml:240:13-49
	android:configChanges
		ADDED from FGQQ_Gradle_Project\PrivateLLG\AndroidManifest.xml:237:13-74
	android:theme
		ADDED from FGQQ_Gradle_Project\PrivateLLG\AndroidManifest.xml:241:13-66
	android:hardwareAccelerated
		ADDED from FGQQ_Gradle_Project\PrivateLLG\AndroidManifest.xml:238:13-48
	android:name
		ADDED from FGQQ_Gradle_Project\PrivateLLG\AndroidManifest.xml:236:13-74
	android:launchMode
		ADDED from FGQQ_Gradle_Project\PrivateLLG\AndroidManifest.xml:239:13-44
activity#com.llg.privateproject.actvity.GetRedPackage
ADDED from FGQQ_Gradle_Project\PrivateLLG\AndroidManifest.xml:251:9-258:20
	android:screenOrientation
		ADDED from FGQQ_Gradle_Project\PrivateLLG\AndroidManifest.xml:256:13-49
	android:configChanges
		ADDED from FGQQ_Gradle_Project\PrivateLLG\AndroidManifest.xml:253:13-74
	android:theme
		ADDED from FGQQ_Gradle_Project\PrivateLLG\AndroidManifest.xml:257:13-66
	android:hardwareAccelerated
		ADDED from FGQQ_Gradle_Project\PrivateLLG\AndroidManifest.xml:254:13-48
	android:name
		ADDED from FGQQ_Gradle_Project\PrivateLLG\AndroidManifest.xml:252:13-72
	android:launchMode
		ADDED from FGQQ_Gradle_Project\PrivateLLG\AndroidManifest.xml:255:13-42
activity#com.llg.privateproject.actvity.GetRedPackage1
ADDED from FGQQ_Gradle_Project\PrivateLLG\AndroidManifest.xml:260:9-267:20
	android:screenOrientation
		ADDED from FGQQ_Gradle_Project\PrivateLLG\AndroidManifest.xml:265:13-49
	android:configChanges
		ADDED from FGQQ_Gradle_Project\PrivateLLG\AndroidManifest.xml:262:13-74
	android:theme
		ADDED from FGQQ_Gradle_Project\PrivateLLG\AndroidManifest.xml:266:13-66
	android:hardwareAccelerated
		ADDED from FGQQ_Gradle_Project\PrivateLLG\AndroidManifest.xml:263:13-48
	android:name
		ADDED from FGQQ_Gradle_Project\PrivateLLG\AndroidManifest.xml:261:13-73
	android:launchMode
		ADDED from FGQQ_Gradle_Project\PrivateLLG\AndroidManifest.xml:264:13-48
activity#com.llg.privateproject.actvity.MyHome
ADDED from FGQQ_Gradle_Project\PrivateLLG\AndroidManifest.xml:269:9-275:20
	android:screenOrientation
		ADDED from FGQQ_Gradle_Project\PrivateLLG\AndroidManifest.xml:273:13-49
	android:configChanges
		ADDED from FGQQ_Gradle_Project\PrivateLLG\AndroidManifest.xml:271:13-74
	android:theme
		ADDED from FGQQ_Gradle_Project\PrivateLLG\AndroidManifest.xml:274:13-66
	android:hardwareAccelerated
		ADDED from FGQQ_Gradle_Project\PrivateLLG\AndroidManifest.xml:272:13-48
	android:name
		ADDED from FGQQ_Gradle_Project\PrivateLLG\AndroidManifest.xml:270:13-65
activity#com.llg.privateproject.actvity.MainActivity
ADDED from FGQQ_Gradle_Project\PrivateLLG\AndroidManifest.xml:277:9-283:20
	android:screenOrientation
		ADDED from FGQQ_Gradle_Project\PrivateLLG\AndroidManifest.xml:281:13-49
	android:configChanges
		ADDED from FGQQ_Gradle_Project\PrivateLLG\AndroidManifest.xml:279:13-74
	android:theme
		ADDED from FGQQ_Gradle_Project\PrivateLLG\AndroidManifest.xml:282:13-66
	android:hardwareAccelerated
		ADDED from FGQQ_Gradle_Project\PrivateLLG\AndroidManifest.xml:280:13-48
	android:name
		ADDED from FGQQ_Gradle_Project\PrivateLLG\AndroidManifest.xml:278:13-71
activity#com.llg.privateproject.actvity.PhoneActivity
ADDED from FGQQ_Gradle_Project\PrivateLLG\AndroidManifest.xml:284:9-291:20
	android:windowSoftInputMode
		ADDED from FGQQ_Gradle_Project\PrivateLLG\AndroidManifest.xml:290:13-52
	android:screenOrientation
		ADDED from FGQQ_Gradle_Project\PrivateLLG\AndroidManifest.xml:288:13-49
	android:configChanges
		ADDED from FGQQ_Gradle_Project\PrivateLLG\AndroidManifest.xml:286:13-74
	android:theme
		ADDED from FGQQ_Gradle_Project\PrivateLLG\AndroidManifest.xml:289:13-66
	android:hardwareAccelerated
		ADDED from FGQQ_Gradle_Project\PrivateLLG\AndroidManifest.xml:287:13-48
	android:name
		ADDED from FGQQ_Gradle_Project\PrivateLLG\AndroidManifest.xml:285:13-72
activity#com.llg.privateproject.actvity.DemandReleaseActivity
ADDED from FGQQ_Gradle_Project\PrivateLLG\AndroidManifest.xml:293:9-299:20
	android:screenOrientation
		ADDED from FGQQ_Gradle_Project\PrivateLLG\AndroidManifest.xml:297:13-49
	android:configChanges
		ADDED from FGQQ_Gradle_Project\PrivateLLG\AndroidManifest.xml:295:13-74
	android:theme
		ADDED from FGQQ_Gradle_Project\PrivateLLG\AndroidManifest.xml:298:13-66
	android:hardwareAccelerated
		ADDED from FGQQ_Gradle_Project\PrivateLLG\AndroidManifest.xml:296:13-48
	android:name
		ADDED from FGQQ_Gradle_Project\PrivateLLG\AndroidManifest.xml:294:13-80
activity#com.llg.privateproject.actvity.HomeDelivery
ADDED from FGQQ_Gradle_Project\PrivateLLG\AndroidManifest.xml:300:9-306:20
	android:screenOrientation
		ADDED from FGQQ_Gradle_Project\PrivateLLG\AndroidManifest.xml:304:13-49
	android:configChanges
		ADDED from FGQQ_Gradle_Project\PrivateLLG\AndroidManifest.xml:302:13-74
	android:theme
		ADDED from FGQQ_Gradle_Project\PrivateLLG\AndroidManifest.xml:305:13-66
	android:hardwareAccelerated
		ADDED from FGQQ_Gradle_Project\PrivateLLG\AndroidManifest.xml:303:13-48
	android:name
		ADDED from FGQQ_Gradle_Project\PrivateLLG\AndroidManifest.xml:301:13-71
activity#com.llg.privateproject.actvity.WebAty1
ADDED from FGQQ_Gradle_Project\PrivateLLG\AndroidManifest.xml:308:9-314:20
	android:screenOrientation
		ADDED from FGQQ_Gradle_Project\PrivateLLG\AndroidManifest.xml:312:13-49
	android:configChanges
		ADDED from FGQQ_Gradle_Project\PrivateLLG\AndroidManifest.xml:310:13-74
	android:theme
		ADDED from FGQQ_Gradle_Project\PrivateLLG\AndroidManifest.xml:313:13-66
	android:hardwareAccelerated
		ADDED from FGQQ_Gradle_Project\PrivateLLG\AndroidManifest.xml:311:13-48
	android:name
		ADDED from FGQQ_Gradle_Project\PrivateLLG\AndroidManifest.xml:309:13-66
activity#com.zxing.activity.CaptureActivity
ADDED from FGQQ_Gradle_Project\PrivateLLG\AndroidManifest.xml:317:9-320:69
	android:screenOrientation
		ADDED from FGQQ_Gradle_Project\PrivateLLG\AndroidManifest.xml:319:13-49
	android:theme
		ADDED from FGQQ_Gradle_Project\PrivateLLG\AndroidManifest.xml:320:13-66
	android:name
		ADDED from FGQQ_Gradle_Project\PrivateLLG\AndroidManifest.xml:318:13-62
activity#com.llg.privateproject.actvity.LoginActivity
ADDED from FGQQ_Gradle_Project\PrivateLLG\AndroidManifest.xml:322:9-326:69
	android:screenOrientation
		ADDED from FGQQ_Gradle_Project\PrivateLLG\AndroidManifest.xml:325:13-49
	android:configChanges
		ADDED from FGQQ_Gradle_Project\PrivateLLG\AndroidManifest.xml:324:13-74
	android:theme
		ADDED from FGQQ_Gradle_Project\PrivateLLG\AndroidManifest.xml:326:13-66
	android:name
		ADDED from FGQQ_Gradle_Project\PrivateLLG\AndroidManifest.xml:323:13-72
activity#com.llg.privateproject.actvity.RegisterActivity
ADDED from FGQQ_Gradle_Project\PrivateLLG\AndroidManifest.xml:328:9-332:69
	android:screenOrientation
		ADDED from FGQQ_Gradle_Project\PrivateLLG\AndroidManifest.xml:331:13-49
	android:configChanges
		ADDED from FGQQ_Gradle_Project\PrivateLLG\AndroidManifest.xml:330:13-74
	android:theme
		ADDED from FGQQ_Gradle_Project\PrivateLLG\AndroidManifest.xml:332:13-66
	android:name
		ADDED from FGQQ_Gradle_Project\PrivateLLG\AndroidManifest.xml:329:13-75
activity#com.llg.privateproject.actvity.ShopActivity
ADDED from FGQQ_Gradle_Project\PrivateLLG\AndroidManifest.xml:334:9-342:20
	android:screenOrientation
		ADDED from FGQQ_Gradle_Project\PrivateLLG\AndroidManifest.xml:338:13-49
	android:configChanges
		ADDED from FGQQ_Gradle_Project\PrivateLLG\AndroidManifest.xml:336:13-74
	android:theme
		ADDED from FGQQ_Gradle_Project\PrivateLLG\AndroidManifest.xml:339:13-66
	android:hardwareAccelerated
		ADDED from FGQQ_Gradle_Project\PrivateLLG\AndroidManifest.xml:337:13-48
	android:name
		ADDED from FGQQ_Gradle_Project\PrivateLLG\AndroidManifest.xml:335:13-71
activity#com.llg.privateproject.actvity.ProductDetailActivity
ADDED from FGQQ_Gradle_Project\PrivateLLG\AndroidManifest.xml:344:9-354:20
	android:screenOrientation
		ADDED from FGQQ_Gradle_Project\PrivateLLG\AndroidManifest.xml:347:13-49
	android:configChanges
		ADDED from FGQQ_Gradle_Project\PrivateLLG\AndroidManifest.xml:346:13-74
	android:theme
		ADDED from FGQQ_Gradle_Project\PrivateLLG\AndroidManifest.xml:348:13-66
	android:name
		ADDED from FGQQ_Gradle_Project\PrivateLLG\AndroidManifest.xml:345:13-80
intent-filter#android.intent.category.DEFAULT+com.my.test.yh
ADDED from FGQQ_Gradle_Project\PrivateLLG\AndroidManifest.xml:349:13-353:29
action#com.my.test.yh
ADDED from FGQQ_Gradle_Project\PrivateLLG\AndroidManifest.xml:350:17-57
	android:name
		ADDED from FGQQ_Gradle_Project\PrivateLLG\AndroidManifest.xml:350:25-54
activity#com.llg.privateproject.actvity.ProductDetailMoreActivity
ADDED from FGQQ_Gradle_Project\PrivateLLG\AndroidManifest.xml:356:9-360:69
	android:screenOrientation
		ADDED from FGQQ_Gradle_Project\PrivateLLG\AndroidManifest.xml:359:13-49
	android:configChanges
		ADDED from FGQQ_Gradle_Project\PrivateLLG\AndroidManifest.xml:358:13-74
	android:theme
		ADDED from FGQQ_Gradle_Project\PrivateLLG\AndroidManifest.xml:360:13-66
	android:name
		ADDED from FGQQ_Gradle_Project\PrivateLLG\AndroidManifest.xml:357:13-84
activity#com.llg.privateproject.actvity.WebAty
ADDED from FGQQ_Gradle_Project\PrivateLLG\AndroidManifest.xml:362:9-366:69
	android:screenOrientation
		ADDED from FGQQ_Gradle_Project\PrivateLLG\AndroidManifest.xml:365:13-49
	android:configChanges
		ADDED from FGQQ_Gradle_Project\PrivateLLG\AndroidManifest.xml:364:13-74
	android:theme
		ADDED from FGQQ_Gradle_Project\PrivateLLG\AndroidManifest.xml:366:13-66
	android:name
		ADDED from FGQQ_Gradle_Project\PrivateLLG\AndroidManifest.xml:363:13-65
activity#com.llg.privateproject.actvity.ProductDetail_size